# JRE version: OpenJDK Runtime Environment (11.0.2+9) (build 11.0.2+9)
# Java VM: OpenJDK 64-Bit Server VM (11.0.2+9, mixed mode, tiered, compressed oops, g1 gc, windows-amd64)
Heap:
 garbage-first heap   total 129024K, used 63883K [0x0000000080000000, 0x0000000100000000)
  region size 1024K, 49 young (50176K), 3 survivors (3072K)
 Metaspace       used 25320K, capacity 25841K, committed 26112K, reserved 538624K
  class space    used 3261K, capacity 3480K, committed 3584K, reserved 516096K
GC Heap History (6 events):
Event: 4.011 GC heap before
{Heap before GC invocations=0 (full 0):
 garbage-first heap   total 129024K, used 13312K [0x0000000080000000, 0x0000000100000000)
  region size 1024K, 14 young (14336K), 0 survivors (0K)
 Metaspace       used 6673K, capacity 6857K, committed 7168K, reserved 524288K
  class space    used 578K, capacity 650K, committed 768K, reserved 516096K
}
Event: 4.393 GC heap after
{Heap after GC invocations=1 (full 0):
 garbage-first heap   total 129024K, used 4271K [0x0000000080000000, 0x0000000100000000)
  region size 1024K, 2 young (2048K), 2 survivors (2048K)
 Metaspace       used 6673K, capacity 6857K, committed 7168K, reserved 524288K
  class space    used 578K, capacity 650K, committed 768K, reserved 516096K
}
Event: 31.270 GC heap before
{Heap before GC invocations=1 (full 0):
 garbage-first heap   total 129024K, used 82095K [0x0000000080000000, 0x0000000100000000)
  region size 1024K, 75 young (76800K), 2 survivors (2048K)
 Metaspace       used 14613K, capacity 14947K, committed 15104K, reserved 530432K
  class space    used 1659K, capacity 1755K, committed 1792K, reserved 516096K
}
Event: 31.863 GC heap after
{Heap after GC invocations=2 (full 0):
 garbage-first heap   total 129024K, used 15248K [0x0000000080000000, 0x0000000100000000)
  region size 1024K, 10 young (10240K), 10 survivors (10240K)
 Metaspace       used 14613K, capacity 14947K, committed 15104K, reserved 530432K
  class space    used 1659K, capacity 1755K, committed 1792K, reserved 516096K
}
Event: 44.816 GC heap before
{Heap before GC invocations=2 (full 0):
 garbage-first heap   total 129024K, used 55184K [0x0000000080000000, 0x0000000100000000)
  region size 1024K, 50 young (51200K), 10 survivors (10240K)
 Metaspace       used 20761K, capacity 21151K, committed 21296K, reserved 536576K
  class space    used 2517K, capacity 2657K, committed 2688K, reserved 516096K
}
Event: 44.831 GC heap after
{Heap after GC invocations=3 (full 0):
 garbage-first heap   total 129024K, used 17803K [0x0000000080000000, 0x0000000100000000)
  region size 1024K, 3 young (3072K), 3 survivors (3072K)
 Metaspace       used 20761K, capacity 21151K, committed 21296K, reserved 536576K
  class space    used 2517K, capacity 2657K, committed 2688K, reserved 516096K
}

