# JRE version: OpenJDK Runtime Environment (11.0.2+9) (build 11.0.2+9)
# Java VM: OpenJDK 64-Bit Server VM (11.0.2+9, mixed mode, tiered, compressed oops, g1 gc, windows-amd64)
Heap:
 garbage-first heap   total 129024K, used 64876K [0x0000000080000000, 0x0000000100000000)
  region size 1024K, 49 young (50176K), 2 survivors (2048K)
 Metaspace       used 25460K, capacity 25974K, committed 26112K, reserved 538624K
  class space    used 3279K, capacity 3480K, committed 3584K, reserved 516096K
GC Heap History (10 events):
Event: 4.308 GC heap before
{Heap before GC invocations=0 (full 0):
 garbage-first heap   total 129024K, used 13312K [0x0000000080000000, 0x0000000100000000)
  region size 1024K, 14 young (14336K), 0 survivors (0K)
 Metaspace       used 6675K, capacity 6861K, committed 7168K, reserved 524288K
  class space    used 578K, capacity 650K, committed 768K, reserved 516096K
}
Event: 4.694 GC heap after
{Heap after GC invocations=1 (full 0):
 garbage-first heap   total 129024K, used 4274K [0x0000000080000000, 0x0000000100000000)
  region size 1024K, 2 young (2048K), 2 survivors (2048K)
 Metaspace       used 6675K, capacity 6861K, committed 7168K, reserved 524288K
  class space    used 578K, capacity 650K, committed 768K, reserved 516096K
}
Event: 7.631 GC heap before
{Heap before GC invocations=1 (full 0):
 garbage-first heap   total 129024K, used 18610K [0x0000000080000000, 0x0000000100000000)
  region size 1024K, 13 young (13312K), 2 survivors (2048K)
 Metaspace       used 9771K, capacity 9988K, committed 10112K, reserved 526336K
  class space    used 1019K, capacity 1101K, committed 1152K, reserved 516096K
}
Event: 7.636 GC heap after
{Heap after GC invocations=2 (full 0):
 garbage-first heap   total 129024K, used 9454K [0x0000000080000000, 0x0000000100000000)
  region size 1024K, 2 young (2048K), 2 survivors (2048K)
 Metaspace       used 9771K, capacity 9988K, committed 10112K, reserved 526336K
  class space    used 1019K, capacity 1101K, committed 1152K, reserved 516096K
}
Event: 17.885 GC heap before
{Heap before GC invocations=2 (full 0):
 garbage-first heap   total 129024K, used 38126K [0x0000000080000000, 0x0000000100000000)
  region size 1024K, 30 young (30720K), 2 survivors (2048K)
 Metaspace       used 10810K, capacity 11071K, committed 11264K, reserved 526336K
  class space    used 1129K, capacity 1206K, committed 1280K, reserved 516096K
}
Event: 17.889 GC heap after
{Heap after GC invocations=3 (full 0):
 garbage-first heap   total 129024K, used 10060K [0x0000000080000000, 0x0000000100000000)
  region size 1024K, 3 young (3072K), 3 survivors (3072K)
 Metaspace       used 10810K, capacity 11071K, committed 11264K, reserved 526336K
  class space    used 1129K, capacity 1206K, committed 1280K, reserved 516096K
}
Event: 41.351 GC heap before
{Heap before GC invocations=3 (full 0):
 garbage-first heap   total 129024K, used 54092K [0x0000000080000000, 0x0000000100000000)
  region size 1024K, 45 young (46080K), 3 survivors (3072K)
 Metaspace       used 17084K, capacity 17450K, committed 17536K, reserved 532480K
  class space    used 1965K, capacity 2097K, committed 2176K, reserved 516096K
}
Event: 41.365 GC heap after
{Heap after GC invocations=4 (full 0):
 garbage-first heap   total 129024K, used 16425K [0x0000000080000000, 0x0000000100000000)
  region size 1024K, 6 young (6144K), 6 survivors (6144K)
 Metaspace       used 17084K, capacity 17450K, committed 17536K, reserved 532480K
  class space    used 1965K, capacity 2097K, committed 2176K, reserved 516096K
}
Event: 44.215 GC heap before
{Heap before GC invocations=4 (full 0):
 garbage-first heap   total 129024K, used 46121K [0x0000000080000000, 0x0000000100000000)
  region size 1024K, 37 young (37888K), 6 survivors (6144K)
 Metaspace       used 20746K, capacity 21091K, committed 21296K, reserved 536576K
  class space    used 2514K, capacity 2657K, committed 2688K, reserved 516096K
}
Event: 44.233 GC heap after
{Heap after GC invocations=5 (full 0):
 garbage-first heap   total 129024K, used 17772K [0x0000000080000000, 0x0000000100000000)
  region size 1024K, 2 young (2048K), 2 survivors (2048K)
 Metaspace       used 20746K, capacity 21091K, committed 21296K, reserved 536576K
  class space    used 2514K, capacity 2657K, committed 2688K, reserved 516096K
}

